The target system is: Generic -  - ARM
The host system is: Linux - 4.10.0-37-generic - x86_64
Compiling the C compiler identification source file "CMakeCCompilerId.c" succeeded.
Compiler: /usr/bin/arm-none-eabi-gcc 
Build flags: -mthumb;-mcpu=cortex-m3;-Wall;-fdata-sections;-DUSE_STDPERIPH_DRIVER;-specs=nano.specs;-specs=nosys.specs
Id flags:  

The output was:
0


Compilation of the C compiler identification source "CMakeCCompilerId.c" produced "a.out"

The C compiler identification is GNU, found in "/home/tomek/code/stm-project/project/build/release/CMakeFiles/3.9.3/CompilerIdC/a.out"

Checking whether the ASM compiler is GNU using "--version" matched "(GNU assembler)|(GCC)|(Free Software Foundation)":
arm-none-eabi-gcc (GNU Tools for ARM Embedded Processors 6-2017-q2-update) 6.3.1 20170620 (release) [ARM/embedded-6-branch revision 249437]
Copyright (C) 2016 Free Software Foundation, Inc.
This is free software; see the source for copying conditions.  There is NO
warranty; not even for MERCHANTABILITY or FITNESS FOR A PARTICULAR PURPOSE.

Determining if the C compiler works passed with the following output:
Change Dir: /home/tomek/code/stm-project/project/build/release/CMakeFiles/CMakeTmp

Run Build Command:"/usr/bin/make" "cmTC_da0e4/fast"
make[1]: Entering directory '/home/tomek/code/stm-project/project/build/release/CMakeFiles/CMakeTmp'
/usr/bin/make -f CMakeFiles/cmTC_da0e4.dir/build.make CMakeFiles/cmTC_da0e4.dir/build
make[2]: Entering directory '/home/tomek/code/stm-project/project/build/release/CMakeFiles/CMakeTmp'
Building C object CMakeFiles/cmTC_da0e4.dir/testCCompiler.c.obj
/usr/bin/arm-none-eabi-gcc   -mthumb -mcpu=cortex-m3 -Wall -fdata-sections -DUSE_STDPERIPH_DRIVER -specs=nano.specs -specs=nosys.specs    -o CMakeFiles/cmTC_da0e4.dir/testCCompiler.c.obj   -c /home/tomek/code/stm-project/project/build/release/CMakeFiles/CMakeTmp/testCCompiler.c
Linking C static library libcmTC_da0e4.a
/usr/bin/cmake -P CMakeFiles/cmTC_da0e4.dir/cmake_clean_target.cmake
/usr/bin/cmake -E cmake_link_script CMakeFiles/cmTC_da0e4.dir/link.txt --verbose=1
/usr/bin/arm-none-eabi-ar qc libcmTC_da0e4.a  CMakeFiles/cmTC_da0e4.dir/testCCompiler.c.obj
/usr/bin/arm-none-eabi-ranlib libcmTC_da0e4.a
make[2]: Leaving directory '/home/tomek/code/stm-project/project/build/release/CMakeFiles/CMakeTmp'
make[1]: Leaving directory '/home/tomek/code/stm-project/project/build/release/CMakeFiles/CMakeTmp'


Detecting C compiler ABI info compiled with the following output:
Change Dir: /home/tomek/code/stm-project/project/build/release/CMakeFiles/CMakeTmp

Run Build Command:"/usr/bin/make" "cmTC_b3a08/fast"
make[1]: Entering directory '/home/tomek/code/stm-project/project/build/release/CMakeFiles/CMakeTmp'
/usr/bin/make -f CMakeFiles/cmTC_b3a08.dir/build.make CMakeFiles/cmTC_b3a08.dir/build
make[2]: Entering directory '/home/tomek/code/stm-project/project/build/release/CMakeFiles/CMakeTmp'
Building C object CMakeFiles/cmTC_b3a08.dir/CMakeCCompilerABI.c.obj
/usr/bin/arm-none-eabi-gcc   -mthumb -mcpu=cortex-m3 -Wall -fdata-sections -DUSE_STDPERIPH_DRIVER -specs=nano.specs -specs=nosys.specs    -o CMakeFiles/cmTC_b3a08.dir/CMakeCCompilerABI.c.obj   -c /usr/share/cmake-3.9/Modules/CMakeCCompilerABI.c
Linking C static library libcmTC_b3a08.a
/usr/bin/cmake -P CMakeFiles/cmTC_b3a08.dir/cmake_clean_target.cmake
/usr/bin/cmake -E cmake_link_script CMakeFiles/cmTC_b3a08.dir/link.txt --verbose=1
/usr/bin/arm-none-eabi-ar qc libcmTC_b3a08.a  CMakeFiles/cmTC_b3a08.dir/CMakeCCompilerABI.c.obj
/usr/bin/arm-none-eabi-ranlib libcmTC_b3a08.a
make[2]: Leaving directory '/home/tomek/code/stm-project/project/build/release/CMakeFiles/CMakeTmp'
make[1]: Leaving directory '/home/tomek/code/stm-project/project/build/release/CMakeFiles/CMakeTmp'


Parsed C implicit link information from above output:
  link line regex: [^( *|.*[/\])(arm-none-eabi-ld|CMAKE_LINK_STARTFILE-NOTFOUND|([^/\]+-)?ld|collect2)[^/\]*( |$)]
  ignore line: [Change Dir: /home/tomek/code/stm-project/project/build/release/CMakeFiles/CMakeTmp]
  ignore line: []
  ignore line: [Run Build Command:"/usr/bin/make" "cmTC_b3a08/fast"]
  ignore line: [make[1]: Entering directory '/home/tomek/code/stm-project/project/build/release/CMakeFiles/CMakeTmp']
  ignore line: [/usr/bin/make -f CMakeFiles/cmTC_b3a08.dir/build.make CMakeFiles/cmTC_b3a08.dir/build]
  ignore line: [make[2]: Entering directory '/home/tomek/code/stm-project/project/build/release/CMakeFiles/CMakeTmp']
  ignore line: [Building C object CMakeFiles/cmTC_b3a08.dir/CMakeCCompilerABI.c.obj]
  ignore line: [/usr/bin/arm-none-eabi-gcc   -mthumb -mcpu=cortex-m3 -Wall -fdata-sections -DUSE_STDPERIPH_DRIVER -specs=nano.specs -specs=nosys.specs    -o CMakeFiles/cmTC_b3a08.dir/CMakeCCompilerABI.c.obj   -c /usr/share/cmake-3.9/Modules/CMakeCCompilerABI.c]
  ignore line: [Linking C static library libcmTC_b3a08.a]
  ignore line: [/usr/bin/cmake -P CMakeFiles/cmTC_b3a08.dir/cmake_clean_target.cmake]
  ignore line: [/usr/bin/cmake -E cmake_link_script CMakeFiles/cmTC_b3a08.dir/link.txt --verbose=1]
  ignore line: [/usr/bin/arm-none-eabi-ar qc libcmTC_b3a08.a  CMakeFiles/cmTC_b3a08.dir/CMakeCCompilerABI.c.obj]
  ignore line: [/usr/bin/arm-none-eabi-ranlib libcmTC_b3a08.a]
  ignore line: [make[2]: Leaving directory '/home/tomek/code/stm-project/project/build/release/CMakeFiles/CMakeTmp']
  ignore line: [make[1]: Leaving directory '/home/tomek/code/stm-project/project/build/release/CMakeFiles/CMakeTmp']
  ignore line: []
  implicit libs: []
  implicit dirs: []
  implicit fwks: []




Detecting C [-std=c11] compiler features compiled with the following output:
Change Dir: /home/tomek/code/stm-project/project/build/release/CMakeFiles/CMakeTmp

Run Build Command:"/usr/bin/make" "cmTC_d6d73/fast"
make[1]: Entering directory '/home/tomek/code/stm-project/project/build/release/CMakeFiles/CMakeTmp'
/usr/bin/make -f CMakeFiles/cmTC_d6d73.dir/build.make CMakeFiles/cmTC_d6d73.dir/build
make[2]: Entering directory '/home/tomek/code/stm-project/project/build/release/CMakeFiles/CMakeTmp'
Building C object CMakeFiles/cmTC_d6d73.dir/feature_tests.c.obj
/usr/bin/arm-none-eabi-gcc   -mthumb -mcpu=cortex-m3 -Wall -fdata-sections -DUSE_STDPERIPH_DRIVER -specs=nano.specs -specs=nosys.specs    -std=c11 -o CMakeFiles/cmTC_d6d73.dir/feature_tests.c.obj   -c /home/tomek/code/stm-project/project/build/release/CMakeFiles/feature_tests.c
Linking C static library libcmTC_d6d73.a
/usr/bin/cmake -P CMakeFiles/cmTC_d6d73.dir/cmake_clean_target.cmake
/usr/bin/cmake -E cmake_link_script CMakeFiles/cmTC_d6d73.dir/link.txt --verbose=1
/usr/bin/arm-none-eabi-ar qc libcmTC_d6d73.a  CMakeFiles/cmTC_d6d73.dir/feature_tests.c.obj
/usr/bin/arm-none-eabi-ranlib libcmTC_d6d73.a
make[2]: Leaving directory '/home/tomek/code/stm-project/project/build/release/CMakeFiles/CMakeTmp'
make[1]: Leaving directory '/home/tomek/code/stm-project/project/build/release/CMakeFiles/CMakeTmp'


    Feature record: C_FEATURE:1c_function_prototypes
    Feature record: C_FEATURE:1c_restrict
    Feature record: C_FEATURE:1c_static_assert
    Feature record: C_FEATURE:1c_variadic_macros


Detecting C [-std=c99] compiler features compiled with the following output:
Change Dir: /home/tomek/code/stm-project/project/build/release/CMakeFiles/CMakeTmp

Run Build Command:"/usr/bin/make" "cmTC_eb782/fast"
make[1]: Entering directory '/home/tomek/code/stm-project/project/build/release/CMakeFiles/CMakeTmp'
/usr/bin/make -f CMakeFiles/cmTC_eb782.dir/build.make CMakeFiles/cmTC_eb782.dir/build
make[2]: Entering directory '/home/tomek/code/stm-project/project/build/release/CMakeFiles/CMakeTmp'
Building C object CMakeFiles/cmTC_eb782.dir/feature_tests.c.obj
/usr/bin/arm-none-eabi-gcc   -mthumb -mcpu=cortex-m3 -Wall -fdata-sections -DUSE_STDPERIPH_DRIVER -specs=nano.specs -specs=nosys.specs    -std=c99 -o CMakeFiles/cmTC_eb782.dir/feature_tests.c.obj   -c /home/tomek/code/stm-project/project/build/release/CMakeFiles/feature_tests.c
Linking C static library libcmTC_eb782.a
/usr/bin/cmake -P CMakeFiles/cmTC_eb782.dir/cmake_clean_target.cmake
/usr/bin/cmake -E cmake_link_script CMakeFiles/cmTC_eb782.dir/link.txt --verbose=1
/usr/bin/arm-none-eabi-ar qc libcmTC_eb782.a  CMakeFiles/cmTC_eb782.dir/feature_tests.c.obj
/usr/bin/arm-none-eabi-ranlib libcmTC_eb782.a
make[2]: Leaving directory '/home/tomek/code/stm-project/project/build/release/CMakeFiles/CMakeTmp'
make[1]: Leaving directory '/home/tomek/code/stm-project/project/build/release/CMakeFiles/CMakeTmp'


    Feature record: C_FEATURE:1c_function_prototypes
    Feature record: C_FEATURE:1c_restrict
    Feature record: C_FEATURE:0c_static_assert
    Feature record: C_FEATURE:1c_variadic_macros


Detecting C [-std=c90] compiler features compiled with the following output:
Change Dir: /home/tomek/code/stm-project/project/build/release/CMakeFiles/CMakeTmp

Run Build Command:"/usr/bin/make" "cmTC_cdd43/fast"
make[1]: Entering directory '/home/tomek/code/stm-project/project/build/release/CMakeFiles/CMakeTmp'
/usr/bin/make -f CMakeFiles/cmTC_cdd43.dir/build.make CMakeFiles/cmTC_cdd43.dir/build
make[2]: Entering directory '/home/tomek/code/stm-project/project/build/release/CMakeFiles/CMakeTmp'
Building C object CMakeFiles/cmTC_cdd43.dir/feature_tests.c.obj
/usr/bin/arm-none-eabi-gcc   -mthumb -mcpu=cortex-m3 -Wall -fdata-sections -DUSE_STDPERIPH_DRIVER -specs=nano.specs -specs=nosys.specs    -std=c90 -o CMakeFiles/cmTC_cdd43.dir/feature_tests.c.obj   -c /home/tomek/code/stm-project/project/build/release/CMakeFiles/feature_tests.c
Linking C static library libcmTC_cdd43.a
/usr/bin/cmake -P CMakeFiles/cmTC_cdd43.dir/cmake_clean_target.cmake
/usr/bin/cmake -E cmake_link_script CMakeFiles/cmTC_cdd43.dir/link.txt --verbose=1
/usr/bin/arm-none-eabi-ar qc libcmTC_cdd43.a  CMakeFiles/cmTC_cdd43.dir/feature_tests.c.obj
/usr/bin/arm-none-eabi-ranlib libcmTC_cdd43.a
make[2]: Leaving directory '/home/tomek/code/stm-project/project/build/release/CMakeFiles/CMakeTmp'
make[1]: Leaving directory '/home/tomek/code/stm-project/project/build/release/CMakeFiles/CMakeTmp'


    Feature record: C_FEATURE:1c_function_prototypes
    Feature record: C_FEATURE:0c_restrict
    Feature record: C_FEATURE:0c_static_assert
    Feature record: C_FEATURE:0c_variadic_macros
